Arguments: 
  C:\Program Files\nodejs\node.exe C:\Users\Residencia\AppData\Roaming\npm\node_modules\yarn\bin\yarn.js run dev

PATH: 
  C:\Users\Residencia\bin;C:\Program Files\Git\mingw64\bin;C:\Program Files\Git\usr\local\bin;C:\Program Files\Git\usr\bin;C:\Program Files\Git\usr\bin;C:\Program Files\Git\mingw64\bin;C:\Program Files\Git\usr\bin;C:\Users\Residencia\bin;C:\Windows\system32;C:\Windows;C:\Windows\System32\Wbem;C:\Windows\System32\WindowsPowerShell\v1.0;C:\Program Files\nodejs;C:\ProgramData\chocolatey\bin;C:\Program Files\Git\cmd;C:\Users\Residencia\AppData\Roaming\npm;C:\Users\Residencia\AppData\Local\Programs\Microsoft VS Code\bin;C:\Program Files\Git\usr\bin\vendor_perl;C:\Program Files\Git\usr\bin\core_perl

Yarn version: 
  1.22.17

Node version: 
  14.18.0

Platform: 
  win32 x64

Trace: 
  SyntaxError: C:\Users\Residencia\Desktop\nlwHeat\web\package.json: Unexpected number in JSON at position 393
      at JSON.parse (<anonymous>)
      at C:\Users\Residencia\AppData\Roaming\npm\node_modules\yarn\lib\cli.js:1625:59
      at Generator.next (<anonymous>)
      at step (C:\Users\Residencia\AppData\Roaming\npm\node_modules\yarn\lib\cli.js:310:30)
      at C:\Users\Residencia\AppData\Roaming\npm\node_modules\yarn\lib\cli.js:321:13

npm manifest: 
  {
    "name": "web",
    "version": "0.0.0",
    "scripts": {
      "dev": "vite",
      "build": "tsc && vite build",
      "serve": "vite preview"
    },
    "dependencies": {
      "react": "^17.0.0",
      "react-dom": "^17.0.0"
    },
    "devDependencies": {
      "@types/react": "^17.0.0",
      "@types/react-dom": "^17.0.0",
      "@vitejs/plugin-react": "^1.0.0",
      "typescript": "^4.3.2",
      "vite": "^2.6.4"002222
    }
  }

yarn manifest: 
  No manifest

Lockfile: 
  No lockfile
